{"/workspaces/Trabalho_Adrian_Rodrigo/controllers/Alunoc.js": {"path":"/workspaces/Trabalho_Adrian_Rodrigo/controllers/Alunoc.js","statementMap":{"0":{"start":{"line":1,"column":18},"end":{"line":1,"column":38}},"1":{"start":{"line":4,"column":0},"end":{"line":14,"column":2}},"2":{"start":{"line":5,"column":2},"end":{"line":13,"column":3}},"3":{"start":{"line":6,"column":19},"end":{"line":8,"column":6}},"4":{"start":{"line":9,"column":4},"end":{"line":9,"column":21}},"5":{"start":{"line":11,"column":4},"end":{"line":11,"column":51}},"6":{"start":{"line":12,"column":4},"end":{"line":12,"column":74}},"7":{"start":{"line":17,"column":0},"end":{"line":31,"column":2}},"8":{"start":{"line":18,"column":2},"end":{"line":30,"column":3}},"9":{"start":{"line":19,"column":19},"end":{"line":19,"column":29}},"10":{"start":{"line":20,"column":18},"end":{"line":20,"column":42}},"11":{"start":{"line":22,"column":4},"end":{"line":24,"column":5}},"12":{"start":{"line":23,"column":6},"end":{"line":23,"column":70}},"13":{"start":{"line":26,"column":4},"end":{"line":26,"column":20}},"14":{"start":{"line":28,"column":4},"end":{"line":28,"column":50}},"15":{"start":{"line":29,"column":4},"end":{"line":29,"column":72}},"16":{"start":{"line":34,"column":0},"end":{"line":52,"column":2}},"17":{"start":{"line":35,"column":2},"end":{"line":51,"column":3}},"18":{"start":{"line":36,"column":62},"end":{"line":36,"column":70}},"19":{"start":{"line":39,"column":4},"end":{"line":41,"column":5}},"20":{"start":{"line":40,"column":6},"end":{"line":40,"column":103}},"21":{"start":{"line":43,"column":22},"end":{"line":45,"column":6}},"22":{"start":{"line":47,"column":4},"end":{"line":47,"column":36}},"23":{"start":{"line":49,"column":4},"end":{"line":49,"column":49}},"24":{"start":{"line":50,"column":4},"end":{"line":50,"column":71}},"25":{"start":{"line":55,"column":0},"end":{"line":71,"column":2}},"26":{"start":{"line":56,"column":2},"end":{"line":70,"column":3}},"27":{"start":{"line":57,"column":19},"end":{"line":57,"column":29}},"28":{"start":{"line":58,"column":62},"end":{"line":58,"column":70}},"29":{"start":{"line":60,"column":18},"end":{"line":60,"column":42}},"30":{"start":{"line":61,"column":4},"end":{"line":63,"column":5}},"31":{"start":{"line":62,"column":6},"end":{"line":62,"column":70}},"32":{"start":{"line":65,"column":4},"end":{"line":65,"column":74}},"33":{"start":{"line":66,"column":4},"end":{"line":66,"column":20}},"34":{"start":{"line":68,"column":4},"end":{"line":68,"column":53}},"35":{"start":{"line":69,"column":4},"end":{"line":69,"column":75}},"36":{"start":{"line":74,"column":0},"end":{"line":89,"column":2}},"37":{"start":{"line":75,"column":2},"end":{"line":88,"column":3}},"38":{"start":{"line":76,"column":19},"end":{"line":76,"column":29}},"39":{"start":{"line":77,"column":18},"end":{"line":77,"column":42}},"40":{"start":{"line":79,"column":4},"end":{"line":81,"column":5}},"41":{"start":{"line":80,"column":6},"end":{"line":80,"column":70}},"42":{"start":{"line":83,"column":4},"end":{"line":83,"column":26}},"43":{"start":{"line":84,"column":4},"end":{"line":84,"column":57}},"44":{"start":{"line":86,"column":4},"end":{"line":86,"column":51}},"45":{"start":{"line":87,"column":4},"end":{"line":87,"column":73}}},"fnMap":{"0":{"name":"(anonymous_0)","decl":{"start":{"line":4,"column":23},"end":{"line":4,"column":24}},"loc":{"start":{"line":4,"column":43},"end":{"line":14,"column":1}},"line":4},"1":{"name":"(anonymous_1)","decl":{"start":{"line":17,"column":22},"end":{"line":17,"column":23}},"loc":{"start":{"line":17,"column":42},"end":{"line":31,"column":1}},"line":17},"2":{"name":"(anonymous_2)","decl":{"start":{"line":34,"column":21},"end":{"line":34,"column":22}},"loc":{"start":{"line":34,"column":41},"end":{"line":52,"column":1}},"line":34},"3":{"name":"(anonymous_3)","decl":{"start":{"line":55,"column":25},"end":{"line":55,"column":26}},"loc":{"start":{"line":55,"column":45},"end":{"line":71,"column":1}},"line":55},"4":{"name":"(anonymous_4)","decl":{"start":{"line":74,"column":23},"end":{"line":74,"column":24}},"loc":{"start":{"line":74,"column":43},"end":{"line":89,"column":1}},"line":74}},"branchMap":{"0":{"loc":{"start":{"line":22,"column":4},"end":{"line":24,"column":5}},"type":"if","locations":[{"start":{"line":22,"column":4},"end":{"line":24,"column":5}},{"start":{},"end":{}}],"line":22},"1":{"loc":{"start":{"line":39,"column":4},"end":{"line":41,"column":5}},"type":"if","locations":[{"start":{"line":39,"column":4},"end":{"line":41,"column":5}},{"start":{},"end":{}}],"line":39},"2":{"loc":{"start":{"line":39,"column":8},"end":{"line":39,"column":53}},"type":"binary-expr","locations":[{"start":{"line":39,"column":8},"end":{"line":39,"column":13}},{"start":{"line":39,"column":17},"end":{"line":39,"column":33}},{"start":{"line":39,"column":37},"end":{"line":39,"column":43}},{"start":{"line":39,"column":47},"end":{"line":39,"column":53}}],"line":39},"3":{"loc":{"start":{"line":61,"column":4},"end":{"line":63,"column":5}},"type":"if","locations":[{"start":{"line":61,"column":4},"end":{"line":63,"column":5}},{"start":{},"end":{}}],"line":61},"4":{"loc":{"start":{"line":79,"column":4},"end":{"line":81,"column":5}},"type":"if","locations":[{"start":{"line":79,"column":4},"end":{"line":81,"column":5}},{"start":{},"end":{}}],"line":79}},"s":{"0":1,"1":1,"2":2,"3":2,"4":1,"5":1,"6":1,"7":1,"8":3,"9":3,"10":3,"11":2,"12":1,"13":1,"14":1,"15":1,"16":1,"17":3,"18":3,"19":3,"20":1,"21":2,"22":1,"23":1,"24":1,"25":1,"26":2,"27":2,"28":2,"29":2,"30":2,"31":1,"32":1,"33":1,"34":0,"35":0,"36":1,"37":2,"38":2,"39":2,"40":2,"41":1,"42":1,"43":1,"44":0,"45":0},"f":{"0":2,"1":3,"2":3,"3":2,"4":2},"b":{"0":[1,1],"1":[1,2],"2":[3,3,2,2],"3":[1,1],"4":[1,1]},"_coverageSchema":"1a1c01bbd47fc00a2c39e90264f33305004495a9","hash":"bb59fcca1127b7381c57f2cc8d6007467a3965ba"}
,"/workspaces/Trabalho_Adrian_Rodrigo/controllers/Planoc.js": {"path":"/workspaces/Trabalho_Adrian_Rodrigo/controllers/Planoc.js","statementMap":{"0":{"start":{"line":1,"column":18},"end":{"line":1,"column":38}},"1":{"start":{"line":3,"column":0},"end":{"line":10,"column":2}},"2":{"start":{"line":4,"column":2},"end":{"line":9,"column":3}},"3":{"start":{"line":5,"column":19},"end":{"line":5,"column":69}},"4":{"start":{"line":6,"column":4},"end":{"line":6,"column":21}},"5":{"start":{"line":8,"column":4},"end":{"line":8,"column":62}},"6":{"start":{"line":12,"column":0},"end":{"line":20,"column":2}},"7":{"start":{"line":13,"column":2},"end":{"line":19,"column":3}},"8":{"start":{"line":14,"column":18},"end":{"line":14,"column":53}},"9":{"start":{"line":15,"column":4},"end":{"line":15,"column":80}},"10":{"start":{"line":15,"column":16},"end":{"line":15,"column":80}},"11":{"start":{"line":16,"column":4},"end":{"line":16,"column":20}},"12":{"start":{"line":18,"column":4},"end":{"line":18,"column":61}},"13":{"start":{"line":22,"column":0},"end":{"line":29,"column":2}},"14":{"start":{"line":23,"column":2},"end":{"line":28,"column":3}},"15":{"start":{"line":24,"column":22},"end":{"line":24,"column":50}},"16":{"start":{"line":25,"column":4},"end":{"line":25,"column":36}},"17":{"start":{"line":27,"column":4},"end":{"line":27,"column":60}},"18":{"start":{"line":31,"column":0},"end":{"line":40,"column":2}},"19":{"start":{"line":32,"column":2},"end":{"line":39,"column":3}},"20":{"start":{"line":33,"column":18},"end":{"line":33,"column":53}},"21":{"start":{"line":34,"column":4},"end":{"line":34,"column":80}},"22":{"start":{"line":34,"column":16},"end":{"line":34,"column":80}},"23":{"start":{"line":35,"column":4},"end":{"line":35,"column":33}},"24":{"start":{"line":36,"column":4},"end":{"line":36,"column":20}},"25":{"start":{"line":38,"column":4},"end":{"line":38,"column":64}},"26":{"start":{"line":42,"column":0},"end":{"line":51,"column":2}},"27":{"start":{"line":43,"column":2},"end":{"line":50,"column":3}},"28":{"start":{"line":44,"column":18},"end":{"line":44,"column":53}},"29":{"start":{"line":45,"column":4},"end":{"line":45,"column":80}},"30":{"start":{"line":45,"column":16},"end":{"line":45,"column":80}},"31":{"start":{"line":46,"column":4},"end":{"line":46,"column":26}},"32":{"start":{"line":47,"column":4},"end":{"line":47,"column":57}},"33":{"start":{"line":49,"column":4},"end":{"line":49,"column":62}}},"fnMap":{"0":{"name":"(anonymous_0)","decl":{"start":{"line":3,"column":23},"end":{"line":3,"column":24}},"loc":{"start":{"line":3,"column":43},"end":{"line":10,"column":1}},"line":3},"1":{"name":"(anonymous_1)","decl":{"start":{"line":12,"column":22},"end":{"line":12,"column":23}},"loc":{"start":{"line":12,"column":42},"end":{"line":20,"column":1}},"line":12},"2":{"name":"(anonymous_2)","decl":{"start":{"line":22,"column":21},"end":{"line":22,"column":22}},"loc":{"start":{"line":22,"column":41},"end":{"line":29,"column":1}},"line":22},"3":{"name":"(anonymous_3)","decl":{"start":{"line":31,"column":25},"end":{"line":31,"column":26}},"loc":{"start":{"line":31,"column":45},"end":{"line":40,"column":1}},"line":31},"4":{"name":"(anonymous_4)","decl":{"start":{"line":42,"column":23},"end":{"line":42,"column":24}},"loc":{"start":{"line":42,"column":43},"end":{"line":51,"column":1}},"line":42}},"branchMap":{"0":{"loc":{"start":{"line":15,"column":4},"end":{"line":15,"column":80}},"type":"if","locations":[{"start":{"line":15,"column":4},"end":{"line":15,"column":80}},{"start":{},"end":{}}],"line":15},"1":{"loc":{"start":{"line":34,"column":4},"end":{"line":34,"column":80}},"type":"if","locations":[{"start":{"line":34,"column":4},"end":{"line":34,"column":80}},{"start":{},"end":{}}],"line":34},"2":{"loc":{"start":{"line":45,"column":4},"end":{"line":45,"column":80}},"type":"if","locations":[{"start":{"line":45,"column":4},"end":{"line":45,"column":80}},{"start":{},"end":{}}],"line":45}},"s":{"0":1,"1":1,"2":2,"3":2,"4":1,"5":1,"6":1,"7":3,"8":3,"9":2,"10":1,"11":1,"12":1,"13":1,"14":2,"15":2,"16":1,"17":1,"18":1,"19":2,"20":2,"21":2,"22":1,"23":1,"24":1,"25":0,"26":1,"27":2,"28":2,"29":2,"30":1,"31":1,"32":1,"33":0},"f":{"0":2,"1":3,"2":2,"3":2,"4":2},"b":{"0":[1,1],"1":[1,1],"2":[1,1]},"_coverageSchema":"1a1c01bbd47fc00a2c39e90264f33305004495a9","hash":"854c236b7f8cabd2bc6fd85ce659eedbe5b77a8c"}
,"/workspaces/Trabalho_Adrian_Rodrigo/controllers/Treinoc.js": {"path":"/workspaces/Trabalho_Adrian_Rodrigo/controllers/Treinoc.js","statementMap":{"0":{"start":{"line":1,"column":37},"end":{"line":1,"column":57}},"1":{"start":{"line":4,"column":0},"end":{"line":18,"column":2}},"2":{"start":{"line":5,"column":2},"end":{"line":17,"column":3}},"3":{"start":{"line":6,"column":20},"end":{"line":12,"column":6}},"4":{"start":{"line":13,"column":4},"end":{"line":13,"column":22}},"5":{"start":{"line":15,"column":4},"end":{"line":15,"column":52}},"6":{"start":{"line":16,"column":4},"end":{"line":16,"column":75}},"7":{"start":{"line":21,"column":0},"end":{"line":40,"column":2}},"8":{"start":{"line":22,"column":2},"end":{"line":39,"column":3}},"9":{"start":{"line":23,"column":19},"end":{"line":23,"column":29}},"10":{"start":{"line":24,"column":19},"end":{"line":29,"column":6}},"11":{"start":{"line":31,"column":4},"end":{"line":33,"column":5}},"12":{"start":{"line":32,"column":6},"end":{"line":32,"column":71}},"13":{"start":{"line":35,"column":4},"end":{"line":35,"column":21}},"14":{"start":{"line":37,"column":4},"end":{"line":37,"column":51}},"15":{"start":{"line":38,"column":4},"end":{"line":38,"column":73}},"16":{"start":{"line":43,"column":0},"end":{"line":61,"column":2}},"17":{"start":{"line":44,"column":2},"end":{"line":60,"column":3}},"18":{"start":{"line":45,"column":49},"end":{"line":45,"column":57}},"19":{"start":{"line":48,"column":4},"end":{"line":50,"column":5}},"20":{"start":{"line":49,"column":6},"end":{"line":49,"column":90}},"21":{"start":{"line":52,"column":23},"end":{"line":54,"column":6}},"22":{"start":{"line":56,"column":4},"end":{"line":56,"column":37}},"23":{"start":{"line":58,"column":4},"end":{"line":58,"column":50}},"24":{"start":{"line":59,"column":4},"end":{"line":59,"column":72}},"25":{"start":{"line":64,"column":0},"end":{"line":80,"column":2}},"26":{"start":{"line":65,"column":2},"end":{"line":79,"column":3}},"27":{"start":{"line":66,"column":19},"end":{"line":66,"column":29}},"28":{"start":{"line":67,"column":49},"end":{"line":67,"column":57}},"29":{"start":{"line":69,"column":19},"end":{"line":69,"column":44}},"30":{"start":{"line":70,"column":4},"end":{"line":72,"column":5}},"31":{"start":{"line":71,"column":6},"end":{"line":71,"column":71}},"32":{"start":{"line":74,"column":4},"end":{"line":74,"column":62}},"33":{"start":{"line":75,"column":4},"end":{"line":75,"column":21}},"34":{"start":{"line":77,"column":4},"end":{"line":77,"column":54}},"35":{"start":{"line":78,"column":4},"end":{"line":78,"column":76}},"36":{"start":{"line":83,"column":0},"end":{"line":98,"column":2}},"37":{"start":{"line":84,"column":2},"end":{"line":97,"column":3}},"38":{"start":{"line":85,"column":19},"end":{"line":85,"column":29}},"39":{"start":{"line":86,"column":19},"end":{"line":86,"column":44}},"40":{"start":{"line":88,"column":4},"end":{"line":90,"column":5}},"41":{"start":{"line":89,"column":6},"end":{"line":89,"column":71}},"42":{"start":{"line":92,"column":4},"end":{"line":92,"column":27}},"43":{"start":{"line":93,"column":4},"end":{"line":93,"column":58}},"44":{"start":{"line":95,"column":4},"end":{"line":95,"column":52}},"45":{"start":{"line":96,"column":4},"end":{"line":96,"column":74}}},"fnMap":{"0":{"name":"(anonymous_0)","decl":{"start":{"line":4,"column":24},"end":{"line":4,"column":25}},"loc":{"start":{"line":4,"column":44},"end":{"line":18,"column":1}},"line":4},"1":{"name":"(anonymous_1)","decl":{"start":{"line":21,"column":23},"end":{"line":21,"column":24}},"loc":{"start":{"line":21,"column":43},"end":{"line":40,"column":1}},"line":21},"2":{"name":"(anonymous_2)","decl":{"start":{"line":43,"column":22},"end":{"line":43,"column":23}},"loc":{"start":{"line":43,"column":42},"end":{"line":61,"column":1}},"line":43},"3":{"name":"(anonymous_3)","decl":{"start":{"line":64,"column":26},"end":{"line":64,"column":27}},"loc":{"start":{"line":64,"column":46},"end":{"line":80,"column":1}},"line":64},"4":{"name":"(anonymous_4)","decl":{"start":{"line":83,"column":24},"end":{"line":83,"column":25}},"loc":{"start":{"line":83,"column":44},"end":{"line":98,"column":1}},"line":83}},"branchMap":{"0":{"loc":{"start":{"line":31,"column":4},"end":{"line":33,"column":5}},"type":"if","locations":[{"start":{"line":31,"column":4},"end":{"line":33,"column":5}},{"start":{},"end":{}}],"line":31},"1":{"loc":{"start":{"line":48,"column":4},"end":{"line":50,"column":5}},"type":"if","locations":[{"start":{"line":48,"column":4},"end":{"line":50,"column":5}},{"start":{},"end":{}}],"line":48},"2":{"loc":{"start":{"line":48,"column":8},"end":{"line":48,"column":34}},"type":"binary-expr","locations":[{"start":{"line":48,"column":8},"end":{"line":48,"column":17}},{"start":{"line":48,"column":21},"end":{"line":48,"column":34}}],"line":48},"3":{"loc":{"start":{"line":70,"column":4},"end":{"line":72,"column":5}},"type":"if","locations":[{"start":{"line":70,"column":4},"end":{"line":72,"column":5}},{"start":{},"end":{}}],"line":70},"4":{"loc":{"start":{"line":88,"column":4},"end":{"line":90,"column":5}},"type":"if","locations":[{"start":{"line":88,"column":4},"end":{"line":90,"column":5}},{"start":{},"end":{}}],"line":88}},"s":{"0":1,"1":1,"2":2,"3":2,"4":1,"5":1,"6":1,"7":1,"8":3,"9":3,"10":3,"11":2,"12":1,"13":1,"14":1,"15":1,"16":1,"17":3,"18":3,"19":3,"20":1,"21":2,"22":1,"23":1,"24":1,"25":1,"26":2,"27":2,"28":2,"29":2,"30":2,"31":1,"32":1,"33":1,"34":0,"35":0,"36":1,"37":2,"38":2,"39":2,"40":2,"41":1,"42":1,"43":1,"44":0,"45":0},"f":{"0":2,"1":3,"2":3,"3":2,"4":2},"b":{"0":[1,1],"1":[1,2],"2":[3,2],"3":[1,1],"4":[1,1]},"_coverageSchema":"1a1c01bbd47fc00a2c39e90264f33305004495a9","hash":"18b8a7b6b4492a13ea0843961361f22e0b65bdb2"}
}
