TN:
SF:controllers/Alunoc.js
FN:4,(anonymous_0)
FN:17,(anonymous_1)
FN:34,(anonymous_2)
FN:55,(anonymous_3)
FN:74,(anonymous_4)
FNF:5
FNH:5
FNDA:2,(anonymous_0)
FNDA:3,(anonymous_1)
FNDA:3,(anonymous_2)
FNDA:2,(anonymous_3)
FNDA:2,(anonymous_4)
DA:1,1
DA:4,1
DA:5,2
DA:6,2
DA:9,1
DA:11,1
DA:12,1
DA:17,1
DA:18,3
DA:19,3
DA:20,3
DA:22,2
DA:23,1
DA:26,1
DA:28,1
DA:29,1
DA:34,1
DA:35,3
DA:36,3
DA:39,3
DA:40,1
DA:43,2
DA:47,1
DA:49,1
DA:50,1
DA:55,1
DA:56,2
DA:57,2
DA:58,2
DA:60,2
DA:61,2
DA:62,1
DA:65,1
DA:66,1
DA:68,0
DA:69,0
DA:74,1
DA:75,2
DA:76,2
DA:77,2
DA:79,2
DA:80,1
DA:83,1
DA:84,1
DA:86,0
DA:87,0
LF:46
LH:42
BRDA:22,0,0,1
BRDA:22,0,1,1
BRDA:39,1,0,1
BRDA:39,1,1,2
BRDA:39,2,0,3
BRDA:39,2,1,3
BRDA:39,2,2,2
BRDA:39,2,3,2
BRDA:61,3,0,1
BRDA:61,3,1,1
BRDA:79,4,0,1
BRDA:79,4,1,1
BRF:12
BRH:12
end_of_record
TN:
SF:controllers/Planoc.js
FN:3,(anonymous_0)
FN:12,(anonymous_1)
FN:22,(anonymous_2)
FN:31,(anonymous_3)
FN:42,(anonymous_4)
FNF:5
FNH:5
FNDA:2,(anonymous_0)
FNDA:3,(anonymous_1)
FNDA:2,(anonymous_2)
FNDA:2,(anonymous_3)
FNDA:2,(anonymous_4)
DA:1,1
DA:3,1
DA:4,2
DA:5,2
DA:6,1
DA:8,1
DA:12,1
DA:13,3
DA:14,3
DA:15,2
DA:16,1
DA:18,1
DA:22,1
DA:23,2
DA:24,2
DA:25,1
DA:27,1
DA:31,1
DA:32,2
DA:33,2
DA:34,2
DA:35,1
DA:36,1
DA:38,0
DA:42,1
DA:43,2
DA:44,2
DA:45,2
DA:46,1
DA:47,1
DA:49,0
LF:31
LH:29
BRDA:15,0,0,1
BRDA:15,0,1,1
BRDA:34,1,0,1
BRDA:34,1,1,1
BRDA:45,2,0,1
BRDA:45,2,1,1
BRF:6
BRH:6
end_of_record
TN:
SF:controllers/Treinoc.js
FN:4,(anonymous_0)
FN:21,(anonymous_1)
FN:43,(anonymous_2)
FN:64,(anonymous_3)
FN:83,(anonymous_4)
FNF:5
FNH:5
FNDA:2,(anonymous_0)
FNDA:3,(anonymous_1)
FNDA:3,(anonymous_2)
FNDA:2,(anonymous_3)
FNDA:2,(anonymous_4)
DA:1,1
DA:4,1
DA:5,2
DA:6,2
DA:13,1
DA:15,1
DA:16,1
DA:21,1
DA:22,3
DA:23,3
DA:24,3
DA:31,2
DA:32,1
DA:35,1
DA:37,1
DA:38,1
DA:43,1
DA:44,3
DA:45,3
DA:48,3
DA:49,1
DA:52,2
DA:56,1
DA:58,1
DA:59,1
DA:64,1
DA:65,2
DA:66,2
DA:67,2
DA:69,2
DA:70,2
DA:71,1
DA:74,1
DA:75,1
DA:77,0
DA:78,0
DA:83,1
DA:84,2
DA:85,2
DA:86,2
DA:88,2
DA:89,1
DA:92,1
DA:93,1
DA:95,0
DA:96,0
LF:46
LH:42
BRDA:31,0,0,1
BRDA:31,0,1,1
BRDA:48,1,0,1
BRDA:48,1,1,2
BRDA:48,2,0,3
BRDA:48,2,1,2
BRDA:70,3,0,1
BRDA:70,3,1,1
BRDA:88,4,0,1
BRDA:88,4,1,1
BRF:10
BRH:10
end_of_record
